0 info it worked if it ends with ok
1 verbose cli [ '/usr/local/bin/node',
1 verbose cli   '/usr/local/bin/npm',
1 verbose cli   'install',
1 verbose cli   'grunt-contrib-imagin',
1 verbose cli   '--save-dev' ]
2 info using npm@2.15.8
3 info using node@v4.4.7
4 verbose install initial load of /Users/masthana/Desktop/Portfolio/blog/Project-Part-1-Start/package.json
5 warn package.json reponsive-images@0.1.0 No license field.
6 verbose installManyTop reading scoped package data from /Users/masthana/Desktop/Portfolio/blog/Project-Part-1-Start/node_modules/grunt/package.json
7 verbose installManyTop reading scoped package data from /Users/masthana/Desktop/Portfolio/blog/Project-Part-1-Start/node_modules/grunt-contrib-clean/package.json
8 verbose installManyTop reading scoped package data from /Users/masthana/Desktop/Portfolio/blog/Project-Part-1-Start/node_modules/grunt-contrib-copy/package.json
9 verbose installManyTop reading scoped package data from /Users/masthana/Desktop/Portfolio/blog/Project-Part-1-Start/node_modules/grunt-contrib-jshint/package.json
10 verbose installManyTop reading scoped package data from /Users/masthana/Desktop/Portfolio/blog/Project-Part-1-Start/node_modules/grunt-contrib-nodeunit/package.json
11 verbose installManyTop reading scoped package data from /Users/masthana/Desktop/Portfolio/blog/Project-Part-1-Start/node_modules/grunt-contrib-uglify/package.json
12 verbose installManyTop reading scoped package data from /Users/masthana/Desktop/Portfolio/blog/Project-Part-1-Start/node_modules/grunt-mkdir/package.json
13 verbose installManyTop reading scoped package data from /Users/masthana/Desktop/Portfolio/blog/Project-Part-1-Start/node_modules/grunt-responsive-images/package.json
14 info package.json grunt@0.4.5 No license field.
15 info package.json grunt-contrib-clean@0.6.0 No license field.
16 info package.json grunt-contrib-nodeunit@0.4.1 No license field.
17 info package.json grunt-contrib-uglify@0.5.1 No license field.
18 info package.json grunt-contrib-jshint@0.10.0 No license field.
19 info package.json grunt-mkdir@0.1.3 No license field.
20 info package.json grunt-responsive-images@0.1.9 No license field.
21 verbose readDependencies loading dependencies from /Users/masthana/Desktop/Portfolio/blog/Project-Part-1-Start/package.json
22 silly cache add args [ 'grunt-contrib-imagin', null ]
23 verbose cache add spec grunt-contrib-imagin
24 silly cache add parsed spec Result {
24 silly cache add   raw: 'grunt-contrib-imagin',
24 silly cache add   scope: null,
24 silly cache add   name: 'grunt-contrib-imagin',
24 silly cache add   rawSpec: '',
24 silly cache add   spec: 'latest',
24 silly cache add   type: 'tag' }
25 silly addNamed grunt-contrib-imagin@latest
26 verbose addNamed "latest" is being treated as a dist-tag for grunt-contrib-imagin
27 info addNameTag [ 'grunt-contrib-imagin', 'latest' ]
28 silly mapToRegistry name grunt-contrib-imagin
29 silly mapToRegistry using default registry
30 silly mapToRegistry registry https://registry.npmjs.org/
31 silly mapToRegistry data Result {
31 silly mapToRegistry   raw: 'grunt-contrib-imagin',
31 silly mapToRegistry   scope: null,
31 silly mapToRegistry   name: 'grunt-contrib-imagin',
31 silly mapToRegistry   rawSpec: '',
31 silly mapToRegistry   spec: 'latest',
31 silly mapToRegistry   type: 'tag' }
32 silly mapToRegistry uri https://registry.npmjs.org/grunt-contrib-imagin
33 verbose addNameTag registry:https://registry.npmjs.org/grunt-contrib-imagin not in flight; fetching
34 verbose request uri https://registry.npmjs.org/grunt-contrib-imagin
35 verbose request no auth needed
36 info attempt registry request try #1 at 9:47:11 PM
37 verbose request id 3142f660765ff96e
38 http request GET https://registry.npmjs.org/grunt-contrib-imagin
39 http 404 https://registry.npmjs.org/grunt-contrib-imagin
40 verbose headers { 'content-type': 'application/json',
40 verbose headers   'cache-control': 'max-age=0',
40 verbose headers   'content-length': '2',
40 verbose headers   'accept-ranges': 'bytes',
40 verbose headers   date: 'Fri, 29 Jul 2016 02:47:12 GMT',
40 verbose headers   via: '1.1 varnish',
40 verbose headers   age: '0',
40 verbose headers   connection: 'keep-alive',
40 verbose headers   'x-served-by': 'cache-dfw1829-DFW',
40 verbose headers   'x-cache': 'MISS',
40 verbose headers   'x-cache-hits': '0',
40 verbose headers   'x-timer': 'S1469760432.050605,VS0,VE228',
40 verbose headers   vary: 'Accept-Encoding' }
41 silly get cb [ 404,
41 silly get   { 'content-type': 'application/json',
41 silly get     'cache-control': 'max-age=0',
41 silly get     'content-length': '2',
41 silly get     'accept-ranges': 'bytes',
41 silly get     date: 'Fri, 29 Jul 2016 02:47:12 GMT',
41 silly get     via: '1.1 varnish',
41 silly get     age: '0',
41 silly get     connection: 'keep-alive',
41 silly get     'x-served-by': 'cache-dfw1829-DFW',
41 silly get     'x-cache': 'MISS',
41 silly get     'x-cache-hits': '0',
41 silly get     'x-timer': 'S1469760432.050605,VS0,VE228',
41 silly get     vary: 'Accept-Encoding' } ]
42 verbose stack Error: Registry returned 404 for GET on https://registry.npmjs.org/grunt-contrib-imagin
42 verbose stack     at makeError (/usr/local/lib/node_modules/npm/node_modules/npm-registry-client/lib/request.js:264:12)
42 verbose stack     at CachingRegistryClient.<anonymous> (/usr/local/lib/node_modules/npm/node_modules/npm-registry-client/lib/request.js:242:14)
42 verbose stack     at Request._callback (/usr/local/lib/node_modules/npm/node_modules/npm-registry-client/lib/request.js:172:14)
42 verbose stack     at Request.self.callback (/usr/local/lib/node_modules/npm/node_modules/request/request.js:200:22)
42 verbose stack     at emitTwo (events.js:87:13)
42 verbose stack     at Request.emit (events.js:172:7)
42 verbose stack     at Request.<anonymous> (/usr/local/lib/node_modules/npm/node_modules/request/request.js:1067:10)
42 verbose stack     at emitOne (events.js:82:20)
42 verbose stack     at Request.emit (events.js:169:7)
42 verbose stack     at IncomingMessage.<anonymous> (/usr/local/lib/node_modules/npm/node_modules/request/request.js:988:12)
43 verbose statusCode 404
44 verbose pkgid grunt-contrib-imagin
45 verbose cwd /Users/masthana/Desktop/Portfolio/blog/Project-Part-1-Start
46 error Darwin 15.3.0
47 error argv "/usr/local/bin/node" "/usr/local/bin/npm" "install" "grunt-contrib-imagin" "--save-dev"
48 error node v4.4.7
49 error npm  v2.15.8
50 error code E404
51 error 404 Registry returned 404 for GET on https://registry.npmjs.org/grunt-contrib-imagin
51 error 404
51 error 404 'grunt-contrib-imagin' is not in the npm registry.
51 error 404 You should bug the author to publish it (or use the name yourself!)
51 error 404 It was specified as a dependency of 'reponsive-images'
51 error 404
51 error 404 Note that you can also install from a
51 error 404 tarball, folder, http url, or git url.
52 verbose exit [ 1, true ]
