0 info it worked if it ends with ok
1 verbose cli [ '/usr/local/bin/node',
1 verbose cli   '/usr/local/bin/npm',
1 verbose cli   'install',
1 verbose cli   '-g',
1 verbose cli   'grunt-cli' ]
2 info using npm@2.15.8
3 info using node@v4.4.7
4 verbose install initial load of /usr/local/lib/package.json
5 verbose readDependencies loading dependencies from /usr/local/lib/package.json
6 silly cache add args [ 'grunt-cli', null ]
7 verbose cache add spec grunt-cli
8 silly cache add parsed spec Result {
8 silly cache add   raw: 'grunt-cli',
8 silly cache add   scope: null,
8 silly cache add   name: 'grunt-cli',
8 silly cache add   rawSpec: '',
8 silly cache add   spec: 'latest',
8 silly cache add   type: 'tag' }
9 silly addNamed grunt-cli@latest
10 verbose addNamed "latest" is being treated as a dist-tag for grunt-cli
11 info addNameTag [ 'grunt-cli', 'latest' ]
12 silly mapToRegistry name grunt-cli
13 silly mapToRegistry using default registry
14 silly mapToRegistry registry https://registry.npmjs.org/
15 silly mapToRegistry data Result {
15 silly mapToRegistry   raw: 'grunt-cli',
15 silly mapToRegistry   scope: null,
15 silly mapToRegistry   name: 'grunt-cli',
15 silly mapToRegistry   rawSpec: '',
15 silly mapToRegistry   spec: 'latest',
15 silly mapToRegistry   type: 'tag' }
16 silly mapToRegistry uri https://registry.npmjs.org/grunt-cli
17 verbose addNameTag registry:https://registry.npmjs.org/grunt-cli not in flight; fetching
18 verbose request uri https://registry.npmjs.org/grunt-cli
19 verbose request no auth needed
20 info attempt registry request try #1 at 6:03:01 PM
21 verbose request id cbff2545cb9a8058
22 verbose etag "2K9KK41402D5BIX9NSCYQ9FKX"
23 http request GET https://registry.npmjs.org/grunt-cli
24 http 200 https://registry.npmjs.org/grunt-cli
25 verbose headers { server: 'CouchDB/1.5.0 (Erlang OTP/R16B03)',
25 verbose headers   etag: '"CPWDCCJKP8UBL45EA619ZSLZ4"',
25 verbose headers   'content-type': 'application/json',
25 verbose headers   'content-encoding': 'gzip',
25 verbose headers   'cache-control': 'max-age=300',
25 verbose headers   'content-length': '5948',
25 verbose headers   'accept-ranges': 'bytes',
25 verbose headers   date: 'Mon, 01 Aug 2016 23:03:01 GMT',
25 verbose headers   via: '1.1 varnish',
25 verbose headers   age: '194',
25 verbose headers   connection: 'keep-alive',
25 verbose headers   'x-served-by': 'cache-dfw1844-DFW',
25 verbose headers   'x-cache': 'HIT',
25 verbose headers   'x-cache-hits': '2',
25 verbose headers   'x-timer': 'S1470092581.601860,VS0,VE0',
25 verbose headers   vary: 'Accept-Encoding' }
26 silly get cb [ 200,
26 silly get   { server: 'CouchDB/1.5.0 (Erlang OTP/R16B03)',
26 silly get     etag: '"CPWDCCJKP8UBL45EA619ZSLZ4"',
26 silly get     'content-type': 'application/json',
26 silly get     'content-encoding': 'gzip',
26 silly get     'cache-control': 'max-age=300',
26 silly get     'content-length': '5948',
26 silly get     'accept-ranges': 'bytes',
26 silly get     date: 'Mon, 01 Aug 2016 23:03:01 GMT',
26 silly get     via: '1.1 varnish',
26 silly get     age: '194',
26 silly get     connection: 'keep-alive',
26 silly get     'x-served-by': 'cache-dfw1844-DFW',
26 silly get     'x-cache': 'HIT',
26 silly get     'x-cache-hits': '2',
26 silly get     'x-timer': 'S1470092581.601860,VS0,VE0',
26 silly get     vary: 'Accept-Encoding' } ]
27 verbose get saving grunt-cli to /Users/masthana/.npm/registry.npmjs.org/grunt-cli/.cache.json
28 verbose correctMkdir /Users/masthana/.npm correctMkdir not in flight; initializing
29 silly addNameTag next cb for grunt-cli with tag latest
30 silly addNamed grunt-cli@1.2.0
31 verbose addNamed "1.2.0" is a plain semver version for grunt-cli
32 silly cache afterAdd grunt-cli@1.2.0
33 verbose afterAdd /Users/masthana/.npm/grunt-cli/1.2.0/package/package.json not in flight; writing
34 verbose correctMkdir /Users/masthana/.npm correctMkdir not in flight; initializing
35 verbose afterAdd /Users/masthana/.npm/grunt-cli/1.2.0/package/package.json written
36 silly install resolved [ { name: 'grunt-cli',
36 silly install resolved     description: 'The grunt command line interface',
36 silly install resolved     version: '1.2.0',
36 silly install resolved     author:
36 silly install resolved      { name: 'Grunt Development Team',
36 silly install resolved        url: 'http://gruntjs.com/development-team' },
36 silly install resolved     repository:
36 silly install resolved      { type: 'git',
36 silly install resolved        url: 'git+https://github.com/gruntjs/grunt-cli.git' },
36 silly install resolved     license: 'MIT',
36 silly install resolved     engines: { node: '>=0.10.0' },
36 silly install resolved     scripts: { test: 'node bin/grunt test' },
36 silly install resolved     bin: { grunt: 'bin/grunt' },
36 silly install resolved     dependencies:
36 silly install resolved      { 'findup-sync': '~0.3.0',
36 silly install resolved        'grunt-known-options': '~1.1.0',
36 silly install resolved        nopt: '~3.0.6',
36 silly install resolved        resolve: '~1.1.0' },
36 silly install resolved     devDependencies: { grunt: '~0.4.5', 'grunt-contrib-jshint': '~1.0.0' },
36 silly install resolved     files: [ 'bin', 'completion', 'lib' ],
36 silly install resolved     appveyor_id: 'prp6g944b05jsq6d',
36 silly install resolved     contributors: [ [Object], [Object], [Object], [Object] ],
36 silly install resolved     gitHead: 'edd8bd29a72f2f28b63fe2629fcb7b9d9f2feb46',
36 silly install resolved     bugs: { url: 'https://github.com/gruntjs/grunt-cli/issues' },
36 silly install resolved     homepage: 'https://github.com/gruntjs/grunt-cli#readme',
36 silly install resolved     _id: 'grunt-cli@1.2.0',
36 silly install resolved     _shasum: '562b119ebb069ddb464ace2845501be97b35b6a8',
36 silly install resolved     _from: 'grunt-cli@latest',
36 silly install resolved     _npmVersion: '3.8.2',
36 silly install resolved     _nodeVersion: '4.2.3',
36 silly install resolved     _npmUser: { name: 'vladikoff', email: 'vlad@vladikoff.com' },
36 silly install resolved     dist:
36 silly install resolved      { shasum: '562b119ebb069ddb464ace2845501be97b35b6a8',
36 silly install resolved        tarball: 'https://registry.npmjs.org/grunt-cli/-/grunt-cli-1.2.0.tgz' },
36 silly install resolved     maintainers: [ [Object], [Object], [Object], [Object] ],
36 silly install resolved     _npmOperationalInternal:
36 silly install resolved      { host: 'packages-12-west.internal.npmjs.com',
36 silly install resolved        tmp: 'tmp/grunt-cli-1.2.0.tgz_1459558434299_0.8824446983635426' },
36 silly install resolved     directories: {},
36 silly install resolved     _resolved: 'https://registry.npmjs.org/grunt-cli/-/grunt-cli-1.2.0.tgz',
36 silly install resolved     readme: 'ERROR: No README data found!' } ]
37 info install grunt-cli@1.2.0 into /usr/local/lib
38 info installOne grunt-cli@1.2.0
39 verbose installOne of grunt-cli to /usr/local/lib not in flight; installing
40 verbose correctMkdir /Users/masthana/.npm/_locks correctMkdir not in flight; initializing
41 verbose lock using /Users/masthana/.npm/_locks/grunt-cli-58f484dab06f0a30.lock for /usr/local/lib/node_modules/grunt-cli
42 silly install write writing grunt-cli 1.2.0 to /usr/local/lib/node_modules/grunt-cli
43 verbose unbuild lib/node_modules/grunt-cli
44 silly gentlyRm /usr/local/lib/node_modules/grunt-cli is being purged from base /usr/local
45 verbose gentlyRm don't care about contents; nuking /usr/local/lib/node_modules/grunt-cli
46 verbose tar unpack /Users/masthana/.npm/grunt-cli/1.2.0/package.tgz
47 verbose tar unpacking to /usr/local/lib/node_modules/grunt-cli
48 silly gentlyRm /usr/local/lib/node_modules/grunt-cli is being purged
49 verbose gentlyRm don't care about contents; nuking /usr/local/lib/node_modules/grunt-cli
50 silly gunzTarPerm modes [ '755', '644' ]
51 error tar.unpack untar error /Users/masthana/.npm/grunt-cli/1.2.0/package.tgz
52 verbose unlock done using /Users/masthana/.npm/_locks/grunt-cli-58f484dab06f0a30.lock for /usr/local/lib/node_modules/grunt-cli
53 verbose fstream_path /usr/local/lib/node_modules/grunt-cli
54 verbose fstream_type Directory
55 verbose fstream_class DirWriter
56 verbose stack Error: EACCES: permission denied, mkdir '/usr/local/lib/node_modules/grunt-cli'
56 verbose stack     at Error (native)
57 verbose fstream_stack /usr/local/lib/node_modules/npm/node_modules/fstream/lib/dir-writer.js:35:25
57 verbose fstream_stack /usr/local/lib/node_modules/npm/node_modules/mkdirp/index.js:47:53
57 verbose fstream_stack FSReqWrap.oncomplete (fs.js:82:15)
58 verbose cwd /Users/masthana/Desktop/Portfolio/blog/Project-Part-1-Start/images
59 error Darwin 15.3.0
60 error argv "/usr/local/bin/node" "/usr/local/bin/npm" "install" "-g" "grunt-cli"
61 error node v4.4.7
62 error npm  v2.15.8
63 error path /usr/local/lib/node_modules/grunt-cli
64 error code EACCES
65 error errno -13
66 error syscall mkdir
67 error Error: EACCES: permission denied, mkdir '/usr/local/lib/node_modules/grunt-cli'
67 error     at Error (native)
67 error  { [Error: EACCES: permission denied, mkdir '/usr/local/lib/node_modules/grunt-cli']
67 error   errno: -13,
67 error   code: 'EACCES',
67 error   syscall: 'mkdir',
67 error   path: '/usr/local/lib/node_modules/grunt-cli',
67 error   fstream_type: 'Directory',
67 error   fstream_path: '/usr/local/lib/node_modules/grunt-cli',
67 error   fstream_class: 'DirWriter',
67 error   fstream_stack:
67 error    [ '/usr/local/lib/node_modules/npm/node_modules/fstream/lib/dir-writer.js:35:25',
67 error      '/usr/local/lib/node_modules/npm/node_modules/mkdirp/index.js:47:53',
67 error      'FSReqWrap.oncomplete (fs.js:82:15)' ] }
68 error Please try running this command again as root/Administrator.
69 verbose exit [ -13, true ]
70 verbose unbuild lib/node_modules/grunt-cli
71 silly gentlyRm /usr/local/lib/node_modules/grunt-cli is being purged from base /usr/local
72 verbose gentlyRm don't care about contents; nuking /usr/local/lib/node_modules/grunt-cli
